// 重构日志: c75b17e4
// 重构日志: 326f3508
// 重构日志: d52f8044
// 同步 ID: 0820f923 @ Sat Jul  4 00:53:40 UTC 2026
// 重构日志: b20811e6
// 重构日志: 10438be7
// 同步 ID: ccc0e5aa @ Sat Jul  4 10:34:15 UTC 2026
// 同步 ID: 9f3210d3 @ Sat Jul  4 13:10:03 UTC 2026
// 重构日志: f6ab1f5a
// 同步 ID: aa692690 @ Sun Jul  5 08:38:48 UTC 2026
// 同步 ID: c2e1b048 @ Sun Jul  5 16:35:05 UTC 2026
// 重构日志: 19c3547b
// 重构日志: 705718f7
// 同步 ID: 5ba159a9 @ Mon Jul  6 18:02:19 UTC 2026
// 重构日志: a3805d48
// 重构日志: a7be266c
// 重构日志: e3f9a623
// 同步 ID: 640f88db @ Wed Jul  8 17:40:34 UTC 2026
// 同步 ID: fc09f827 @ Thu Jul  9 01:11:18 UTC 2026
// 重构日志: c543fa73
// 重构日志: a37ab3e4
// 重构日志: 3049fa43
// 同步 ID: e9ab3f46 @ Sat Jul 11 00:19:07 UTC 2026
// 同步 ID: 9d4790ca @ Sat Jul 11 17:49:56 UTC 2026
// 同步 ID: c2557579 @ Sat Jul 11 21:54:22 UTC 2026
// 重构日志: 05759d22
// 重构日志: dd54505f
// 重构日志: f10a1bd7
// 重构日志: d15dd5a7
// 同步 ID: 48c883bb @ Mon Jul 13 22:50:26 UTC 2026
